2018-09-18 11:12:16,863 [main] INFO  org.mule.module.launcher.application.DefaultMuleApplication - 
++++++++++++++++++++++++++++++++++++++++++++++++++++++++++++
+ Initializing app 'maven-project'                         +
++++++++++++++++++++++++++++++++++++++++++++++++++++++++++++
2018-09-18 11:12:17,160 [main] INFO  org.mule.lifecycle.AbstractLifecycleManager - Initialising RegistryBroker
2018-09-18 11:12:17,351 [main] INFO  org.mule.module.extension.internal.manager.DefaultExtensionManager - Starting discovery of extensions
2018-09-18 11:12:17,805 [main] INFO  org.mule.module.extension.internal.manager.DefaultExtensionManager - Discovered 1 extensions
2018-09-18 11:12:17,806 [main] INFO  org.mule.module.extension.internal.manager.DefaultExtensionManager - Registering extension validation (version 3.9)
2018-09-18 11:12:17,906 [main] INFO  org.mule.config.spring.MuleArtifactContext - Refreshing org.mule.config.spring.MuleArtifactContext@560cbf1a: startup date [Tue Sep 18 11:12:17 NZST 2018]; root of context hierarchy
2018-09-18 11:12:20,117 [main] INFO  org.mule.config.spring.processors.NoDevkitInjectorProcessor - JSR-330 'javax.inject.Inject' annotation found and supported for autowiring
2018-09-18 11:12:21,311 [main] WARN  org.mule.module.ognl.expression.OgnlExpressionEvaluator - OGNL module is deprecated and will be removed in Mule 4.0. Use MEL expressions instead.
2018-09-18 11:12:21,969 [main] INFO  org.mule.util.journal.TransactionJournal - Using files for tx logs C:\projects\mulesofttraining\workspace\.mule\.\.mule\maven-project\queue-tx-log\tx1.log and C:\projects\mulesofttraining\workspace\.mule\.\.mule\maven-project\queue-tx-log\tx2.log
2018-09-18 11:12:21,996 [main] INFO  org.mule.util.journal.TransactionJournal - Using files for tx logs C:\projects\mulesofttraining\workspace\.mule\.\.mule\maven-project\queue-xa-tx-log\tx1.log and C:\projects\mulesofttraining\workspace\.mule\.\.mule\maven-project\queue-xa-tx-log\tx2.log
2018-09-18 11:12:22,178 [main] INFO  org.mule.lifecycle.AbstractLifecycleManager - Initialising model: _muleSystemModel
2018-09-18 11:12:22,187 [main] INFO  org.mule.construct.FlowConstructLifecycleManager - Initialising flow: maven-projectFlow
2018-09-18 11:12:22,187 [main] INFO  org.mule.exception.DefaultMessagingExceptionStrategy - Initialising exception listener: org.mule.exception.DefaultMessagingExceptionStrategy@276cc8dc
2018-09-18 11:12:22,248 [main] INFO  org.mule.processor.SedaStageLifecycleManager - Initialising service: maven-projectFlow.stage1
2018-09-18 11:12:22,845 [main] INFO  org.mule.config.spring.SpringXmlConfigurationBuilder - Configured Mule using "org.mule.config.spring.SpringXmlConfigurationBuilder" with configuration resource(s): "[ConfigResource{resourceName='C:\projects\mulesofttraining\workspace\.mule\apps\maven-project\maven-project.xml'}]"
2018-09-18 11:12:22,845 [main] INFO  org.mule.config.builders.AutoConfigurationBuilder - Configured Mule using "org.mule.config.builders.AutoConfigurationBuilder" with configuration resource(s): "[ConfigResource{resourceName='C:\projects\mulesofttraining\workspace\.mule\apps\maven-project\maven-project.xml'}]"
2018-09-18 11:12:22,851 [main] INFO  com.mulesoft.module.policies.lifecyle.GateKeeper - GateKeeper Mode: DISABLED
2018-09-18 11:12:22,852 [main] INFO  org.mule.module.launcher.application.DefaultMuleApplication - 
++++++++++++++++++++++++++++++++++++++++++++++++++++++++++++
+ Starting app 'maven-project'                             +
++++++++++++++++++++++++++++++++++++++++++++++++++++++++++++
2018-09-18 11:12:22,854 [main] INFO  org.mule.util.queue.QueueXaResourceManager - Starting ResourceManager
2018-09-18 11:12:22,854 [main] INFO  org.mule.util.queue.QueueXaResourceManager - Started ResourceManager
2018-09-18 11:12:22,924 [main] INFO  org.mule.module.http.internal.listener.DefaultHttpListenerConfig - Listening for requests on http://0.0.0.0:8081
2018-09-18 11:12:22,930 [main] INFO  org.mule.modules.oauth2.provider.agents.DefaultSplashScreenAgent - 
++++++++++++++++++++++++++++++++++++++++++++++++++++++++++++++++++++++++++++++++
+ DevKit Extensions (0) used in this application 
                             +
++++++++++++++++++++++++++++++++++++++++++++++++++++++++++++++++++++++++++++++++
2018-09-18 11:12:22,931 [main] INFO  org.mule.lifecycle.AbstractLifecycleManager - Starting model: _muleSystemModel
2018-09-18 11:12:22,933 [main] INFO  org.mule.construct.FlowConstructLifecycleManager - Starting flow: maven-projectFlow
2018-09-18 11:12:22,934 [main] INFO  org.mule.processor.SedaStageLifecycleManager - Starting service: maven-projectFlow.stage1
2018-09-18 11:12:22,996 [main] INFO  org.mule.module.management.agent.WrapperManagerAgent - This JVM hasn't been launched by the wrapper, the agent will not run.
2018-09-18 11:12:23,035 [main] INFO  org.mule.DefaultMuleContext - 
**********************************************************************
* Application: maven-project                                         *
* OS encoding: \, Mule encoding: UTF-8                               *
*                                                                    *
* Agents Running:                                                    *
*   Batch module default engine                                      *
*   DevKit Extension Information                                     *
*   JMX Agent                                                        *
*   Wrapper Manager                                                  *
**********************************************************************
2018-09-18 11:14:03,752 [[maven-project].HTTP_Listener_Configuration.worker.01] INFO  org.mule.module.http.internal.listener.HttpListenerRegistry - No listener found for request: (GET)/favicon.ico
2018-09-18 11:14:03,752 [[maven-project].HTTP_Listener_Configuration.worker.01] INFO  org.mule.module.http.internal.listener.HttpListenerRegistry - Available listeners are: [([get])/hello/]
2018-09-18 11:14:03,791 [[maven-project].HTTP_Listener_Configuration.worker.01] INFO  org.mule.module.http.internal.listener.HttpListenerRegistry - No listener found for request: (GET)/favicon.ico
2018-09-18 11:14:03,791 [[maven-project].HTTP_Listener_Configuration.worker.01] INFO  org.mule.module.http.internal.listener.HttpListenerRegistry - Available listeners are: [([get])/hello/]
